{"name":"hexo","hostname":"m","pid":14290,"level":20,"msg":"Hexo version: \u001b[35m3.2.2\u001b[39m","time":"2017-01-05T13:42:21.790Z","v":0}
{"name":"hexo","hostname":"m","pid":14290,"level":20,"msg":"Working directory: \u001b[35m~/gitProjects/lyiran.github.io/\u001b[39m","time":"2017-01-05T13:42:21.793Z","v":0}
{"name":"hexo","hostname":"m","pid":14290,"level":20,"msg":"Config loaded: \u001b[35m~/gitProjects/lyiran.github.io/_config.yml\u001b[39m","time":"2017-01-05T13:42:21.950Z","v":0}
{"name":"hexo","hostname":"m","pid":14290,"level":20,"msg":"Plugin loaded: \u001b[35mhexo-server\u001b[39m","time":"2017-01-05T13:42:22.155Z","v":0}
{"name":"hexo","hostname":"m","pid":14290,"level":20,"msg":"Loading database.","time":"2017-01-05T13:42:22.156Z","v":0}
{"name":"hexo","hostname":"m","pid":14290,"level":30,"msg":"Start processing","time":"2017-01-05T13:42:22.164Z","v":0}
{"name":"hexo","hostname":"m","pid":14290,"level":20,"msg":"Processed: \u001b[35m_posts/2016-12-23-pages4-md.md\u001b[39m","time":"2017-01-05T13:42:22.239Z","v":0}
{"name":"hexo","hostname":"m","pid":14290,"level":20,"msg":"Processed: \u001b[35m_posts/hello-world.md\u001b[39m","time":"2017-01-05T13:42:22.240Z","v":0}
{"name":"hexo","hostname":"m","pid":14290,"level":20,"msg":"Processed: \u001b[35mabout/index.md\u001b[39m","time":"2017-01-05T13:42:22.241Z","v":0}
{"name":"hexo","hostname":"m","pid":14290,"level":20,"msg":"Processed: \u001b[35mjsStatic/index.md\u001b[39m","time":"2017-01-05T13:42:22.243Z","v":0}
{"name":"hexo","hostname":"m","pid":14290,"level":20,"msg":"Processed: \u001b[35mauthor/yingche.png\u001b[39m","time":"2017-01-05T13:42:22.263Z","v":0}
{"name":"hexo","hostname":"m","pid":14290,"level":20,"msg":"Theme config loaded.","time":"2017-01-05T13:42:22.271Z","v":0}
{"name":"hexo","hostname":"m","pid":14290,"level":20,"msg":"Processed: \u001b[35m_config.yml\u001b[39m","time":"2017-01-05T13:42:22.273Z","v":0}
{"name":"hexo","hostname":"m","pid":14290,"level":20,"msg":"Processed: \u001b[35msource/css/style.styl\u001b[39m","time":"2017-01-05T13:42:22.291Z","v":0}
{"name":"hexo","hostname":"m","pid":14290,"level":20,"msg":"Processed: \u001b[35msource/fancybox/fancybox_loading.gif\u001b[39m","time":"2017-01-05T13:42:22.294Z","v":0}
{"name":"hexo","hostname":"m","pid":14290,"level":20,"msg":"Processed: \u001b[35msource/fancybox/blank.gif\u001b[39m","time":"2017-01-05T13:42:22.294Z","v":0}
{"name":"hexo","hostname":"m","pid":14290,"level":20,"msg":"Processed: \u001b[35msource/fancybox/fancybox_loading@2x.gif\u001b[39m","time":"2017-01-05T13:42:22.295Z","v":0}
{"name":"hexo","hostname":"m","pid":14290,"level":20,"msg":"Processed: \u001b[35msource/fancybox/fancybox_overlay.png\u001b[39m","time":"2017-01-05T13:42:22.298Z","v":0}
{"name":"hexo","hostname":"m","pid":14290,"level":20,"msg":"Processed: \u001b[35msource/fancybox/fancybox_sprite.png\u001b[39m","time":"2017-01-05T13:42:22.299Z","v":0}
{"name":"hexo","hostname":"m","pid":14290,"level":20,"msg":"Processed: \u001b[35msource/fancybox/jquery.fancybox.css\u001b[39m","time":"2017-01-05T13:42:22.299Z","v":0}
{"name":"hexo","hostname":"m","pid":14290,"level":20,"msg":"Processed: \u001b[35msource/fancybox/fancybox_sprite@2x.png\u001b[39m","time":"2017-01-05T13:42:22.299Z","v":0}
{"name":"hexo","hostname":"m","pid":14290,"level":20,"msg":"Processed: \u001b[35msource/img/delicious.png\u001b[39m","time":"2017-01-05T13:42:22.300Z","v":0}
{"name":"hexo","hostname":"m","pid":14290,"level":20,"msg":"Processed: \u001b[35msource/img/coderwall.png\u001b[39m","time":"2017-01-05T13:42:22.300Z","v":0}
{"name":"hexo","hostname":"m","pid":14290,"level":20,"msg":"Processed: \u001b[35msource/fancybox/jquery.fancybox.js\u001b[39m","time":"2017-01-05T13:42:22.300Z","v":0}
{"name":"hexo","hostname":"m","pid":14290,"level":20,"msg":"Processed: \u001b[35msource/fancybox/jquery.fancybox.pack.js\u001b[39m","time":"2017-01-05T13:42:22.301Z","v":0}
{"name":"hexo","hostname":"m","pid":14290,"level":20,"msg":"Processed: \u001b[35msource/img/douban.png\u001b[39m","time":"2017-01-05T13:42:22.301Z","v":0}
{"name":"hexo","hostname":"m","pid":14290,"level":20,"msg":"Processed: \u001b[35msource/img/face.png\u001b[39m","time":"2017-01-05T13:42:22.302Z","v":0}
{"name":"hexo","hostname":"m","pid":14290,"level":20,"msg":"Processed: \u001b[35msource/img/github.png\u001b[39m","time":"2017-01-05T13:42:22.303Z","v":0}
{"name":"hexo","hostname":"m","pid":14290,"level":20,"msg":"Processed: \u001b[35msource/img/facebook.png\u001b[39m","time":"2017-01-05T13:42:22.303Z","v":0}
{"name":"hexo","hostname":"m","pid":14290,"level":20,"msg":"Processed: \u001b[35msource/img/google.png\u001b[39m","time":"2017-01-05T13:42:22.303Z","v":0}
{"name":"hexo","hostname":"m","pid":14290,"level":20,"msg":"Processed: \u001b[35msource/img/img-loading.png\u001b[39m","time":"2017-01-05T13:42:22.304Z","v":0}
{"name":"hexo","hostname":"m","pid":14290,"level":20,"msg":"Processed: \u001b[35msource/img/linkedin.png\u001b[39m","time":"2017-01-05T13:42:22.304Z","v":0}
{"name":"hexo","hostname":"m","pid":14290,"level":20,"msg":"Processed: \u001b[35msource/img/img-err.png\u001b[39m","time":"2017-01-05T13:42:22.305Z","v":0}
{"name":"hexo","hostname":"m","pid":14290,"level":20,"msg":"Processed: \u001b[35msource/img/mail.png\u001b[39m","time":"2017-01-05T13:42:22.306Z","v":0}
{"name":"hexo","hostname":"m","pid":14290,"level":20,"msg":"Processed: \u001b[35msource/img/pinboard.png\u001b[39m","time":"2017-01-05T13:42:22.307Z","v":0}
{"name":"hexo","hostname":"m","pid":14290,"level":20,"msg":"Processed: \u001b[35msource/img/pinterest.png\u001b[39m","time":"2017-01-05T13:42:22.307Z","v":0}
{"name":"hexo","hostname":"m","pid":14290,"level":20,"msg":"Processed: \u001b[35msource/img/rss.png\u001b[39m","time":"2017-01-05T13:42:22.307Z","v":0}
{"name":"hexo","hostname":"m","pid":14290,"level":20,"msg":"Processed: \u001b[35msource/img/stackoverflow.png\u001b[39m","time":"2017-01-05T13:42:22.308Z","v":0}
{"name":"hexo","hostname":"m","pid":14290,"level":20,"msg":"Processed: \u001b[35msource/img/scrollbar_arrow.png\u001b[39m","time":"2017-01-05T13:42:22.308Z","v":0}
{"name":"hexo","hostname":"m","pid":14290,"level":20,"msg":"Processed: \u001b[35msource/img/twitter.png\u001b[39m","time":"2017-01-05T13:42:22.308Z","v":0}
{"name":"hexo","hostname":"m","pid":14290,"level":20,"msg":"Processed: \u001b[35msource/img/weibo.png\u001b[39m","time":"2017-01-05T13:42:22.310Z","v":0}
{"name":"hexo","hostname":"m","pid":14290,"level":20,"msg":"Processed: \u001b[35msource/img/zhihu.png\u001b[39m","time":"2017-01-05T13:42:22.310Z","v":0}
{"name":"hexo","hostname":"m","pid":14290,"level":20,"msg":"Processed: \u001b[35msource/js/jquery.lazyload.js\u001b[39m","time":"2017-01-05T13:42:22.310Z","v":0}
{"name":"hexo","hostname":"m","pid":14290,"level":20,"msg":"Processed: \u001b[35msource/js/main.js\u001b[39m","time":"2017-01-05T13:42:22.311Z","v":0}
{"name":"hexo","hostname":"m","pid":14290,"level":20,"msg":"Processed: \u001b[35msource/js/instagram.js\u001b[39m","time":"2017-01-05T13:42:22.313Z","v":0}
{"name":"hexo","hostname":"m","pid":14290,"level":20,"msg":"Processed: \u001b[35msource/js/pc.js\u001b[39m","time":"2017-01-05T13:42:22.321Z","v":0}
{"name":"hexo","hostname":"m","pid":14290,"level":20,"msg":"Processed: \u001b[35msource/js/mobile.js\u001b[39m","time":"2017-01-05T13:42:22.322Z","v":0}
{"name":"hexo","hostname":"m","pid":14290,"level":20,"msg":"Processed: \u001b[35mlanguages/default.yml\u001b[39m","time":"2017-01-05T13:42:22.346Z","v":0}
{"name":"hexo","hostname":"m","pid":14290,"level":20,"msg":"Processed: \u001b[35mlanguages/en.yml\u001b[39m","time":"2017-01-05T13:42:22.347Z","v":0}
{"name":"hexo","hostname":"m","pid":14290,"level":20,"msg":"Processed: \u001b[35mlanguages/de.yml\u001b[39m","time":"2017-01-05T13:42:22.347Z","v":0}
{"name":"hexo","hostname":"m","pid":14290,"level":20,"msg":"Processed: \u001b[35mlanguages/fr-FR.yml\u001b[39m","time":"2017-01-05T13:42:22.348Z","v":0}
{"name":"hexo","hostname":"m","pid":14290,"level":20,"msg":"Processed: \u001b[35mlanguages/ru.yml\u001b[39m","time":"2017-01-05T13:42:22.348Z","v":0}
{"name":"hexo","hostname":"m","pid":14290,"level":20,"msg":"Processed: \u001b[35msource/css/fonts/fontawesome-webfont.svgz\u001b[39m","time":"2017-01-05T13:42:22.355Z","v":0}
{"name":"hexo","hostname":"m","pid":14290,"level":20,"msg":"Processed: \u001b[35msource/css/fonts/fontawesome-webfont.eot\u001b[39m","time":"2017-01-05T13:42:22.355Z","v":0}
{"name":"hexo","hostname":"m","pid":14290,"level":20,"msg":"Processed: \u001b[35msource/css/fonts/fontawesome-webfont.ttf\u001b[39m","time":"2017-01-05T13:42:22.355Z","v":0}
{"name":"hexo","hostname":"m","pid":14290,"level":20,"msg":"Processed: \u001b[35msource/fancybox/helpers/fancybox_buttons.png\u001b[39m","time":"2017-01-05T13:42:22.355Z","v":0}
{"name":"hexo","hostname":"m","pid":14290,"level":20,"msg":"Processed: \u001b[35msource/css/fonts/fontawesome-webfont.woff\u001b[39m","time":"2017-01-05T13:42:22.356Z","v":0}
{"name":"hexo","hostname":"m","pid":14290,"level":20,"msg":"Processed: \u001b[35msource/fancybox/helpers/jquery.fancybox-buttons.js\u001b[39m","time":"2017-01-05T13:42:22.356Z","v":0}
{"name":"hexo","hostname":"m","pid":14290,"level":20,"msg":"Processed: \u001b[35msource/fancybox/helpers/jquery.fancybox-buttons.css\u001b[39m","time":"2017-01-05T13:42:22.357Z","v":0}
{"name":"hexo","hostname":"m","pid":14290,"level":20,"msg":"Processed: \u001b[35msource/fancybox/helpers/jquery.fancybox-thumbs.css\u001b[39m","time":"2017-01-05T13:42:22.357Z","v":0}
{"name":"hexo","hostname":"m","pid":14290,"level":20,"msg":"Processed: \u001b[35msource/fancybox/helpers/jquery.fancybox-thumbs.js\u001b[39m","time":"2017-01-05T13:42:22.357Z","v":0}
{"name":"hexo","hostname":"m","pid":14290,"level":20,"msg":"Processed: \u001b[35msource/fancybox/helpers/jquery.fancybox-media.js\u001b[39m","time":"2017-01-05T13:42:22.357Z","v":0}
{"name":"hexo","hostname":"m","pid":14290,"level":20,"msg":"Processed: \u001b[35mlayout/archive.ejs\u001b[39m","time":"2017-01-05T13:42:22.361Z","v":0}
{"name":"hexo","hostname":"m","pid":14290,"level":20,"msg":"Processed: \u001b[35mlayout/category.ejs\u001b[39m","time":"2017-01-05T13:42:22.361Z","v":0}
{"name":"hexo","hostname":"m","pid":14290,"level":20,"msg":"Processed: \u001b[35mlayout/index.ejs\u001b[39m","time":"2017-01-05T13:42:22.362Z","v":0}
{"name":"hexo","hostname":"m","pid":14290,"level":20,"msg":"Processed: \u001b[35mlayout/layout.ejs\u001b[39m","time":"2017-01-05T13:42:22.362Z","v":0}
{"name":"hexo","hostname":"m","pid":14290,"level":20,"msg":"Processed: \u001b[35mlayout/page.ejs\u001b[39m","time":"2017-01-05T13:42:22.362Z","v":0}
{"name":"hexo","hostname":"m","pid":14290,"level":20,"msg":"Processed: \u001b[35mlayout/post.ejs\u001b[39m","time":"2017-01-05T13:42:22.362Z","v":0}
{"name":"hexo","hostname":"m","pid":14290,"level":20,"msg":"Processed: \u001b[35mlayout/tag.ejs\u001b[39m","time":"2017-01-05T13:42:22.362Z","v":0}
{"name":"hexo","hostname":"m","pid":14290,"level":20,"msg":"Processed: \u001b[35mlanguages/zh-hk.yml\u001b[39m","time":"2017-01-05T13:42:22.362Z","v":0}
{"name":"hexo","hostname":"m","pid":14290,"level":20,"msg":"Processed: \u001b[35mlanguages/zh-Hans.yml\u001b[39m","time":"2017-01-05T13:42:22.363Z","v":0}
{"name":"hexo","hostname":"m","pid":14290,"level":20,"msg":"Processed: \u001b[35mlanguages/zh-tw.yml\u001b[39m","time":"2017-01-05T13:42:22.363Z","v":0}
{"name":"hexo","hostname":"m","pid":14290,"level":20,"msg":"Processed: \u001b[35msource/css/fonts/fontawesome-webfont.svg\u001b[39m","time":"2017-01-05T13:42:22.366Z","v":0}
{"name":"hexo","hostname":"m","pid":14290,"level":20,"msg":"Processed: \u001b[35mlayout/_partial/archive-post.ejs\u001b[39m","time":"2017-01-05T13:42:22.367Z","v":0}
{"name":"hexo","hostname":"m","pid":14290,"level":20,"msg":"Processed: \u001b[35mlayout/_partial/archive.ejs\u001b[39m","time":"2017-01-05T13:42:22.367Z","v":0}
{"name":"hexo","hostname":"m","pid":14290,"level":20,"msg":"Processed: \u001b[35mlayout/_partial/after-footer.ejs\u001b[39m","time":"2017-01-05T13:42:22.368Z","v":0}
{"name":"hexo","hostname":"m","pid":14290,"level":20,"msg":"Processed: \u001b[35mlayout/_partial/article.ejs\u001b[39m","time":"2017-01-05T13:42:22.368Z","v":0}
{"name":"hexo","hostname":"m","pid":14290,"level":20,"msg":"Processed: \u001b[35mlayout/_partial/footer.ejs\u001b[39m","time":"2017-01-05T13:42:22.368Z","v":0}
{"name":"hexo","hostname":"m","pid":14290,"level":20,"msg":"Processed: \u001b[35mlayout/_partial/head.ejs\u001b[39m","time":"2017-01-05T13:42:22.368Z","v":0}
{"name":"hexo","hostname":"m","pid":14290,"level":20,"msg":"Processed: \u001b[35mlayout/_partial/google-analytics.ejs\u001b[39m","time":"2017-01-05T13:42:22.368Z","v":0}
{"name":"hexo","hostname":"m","pid":14290,"level":20,"msg":"Processed: \u001b[35mlayout/_partial/left-col.ejs\u001b[39m","time":"2017-01-05T13:42:22.368Z","v":0}
{"name":"hexo","hostname":"m","pid":14290,"level":20,"msg":"Processed: \u001b[35mlayout/_partial/mobile-nav.ejs\u001b[39m","time":"2017-01-05T13:42:22.368Z","v":0}
{"name":"hexo","hostname":"m","pid":14290,"level":20,"msg":"Processed: \u001b[35mlayout/_partial/mathjax.ejs\u001b[39m","time":"2017-01-05T13:42:22.368Z","v":0}
{"name":"hexo","hostname":"m","pid":14290,"level":20,"msg":"Processed: \u001b[35mlayout/_partial/header.ejs\u001b[39m","time":"2017-01-05T13:42:22.368Z","v":0}
{"name":"hexo","hostname":"m","pid":14290,"level":20,"msg":"Processed: \u001b[35mlayout/_partial/post/date.ejs\u001b[39m","time":"2017-01-05T13:42:22.370Z","v":0}
{"name":"hexo","hostname":"m","pid":14290,"level":20,"msg":"Processed: \u001b[35mlayout/_partial/post/duoshuo.ejs\u001b[39m","time":"2017-01-05T13:42:22.370Z","v":0}
{"name":"hexo","hostname":"m","pid":14290,"level":20,"msg":"Processed: \u001b[35mlayout/_partial/post/category.ejs\u001b[39m","time":"2017-01-05T13:42:22.370Z","v":0}
{"name":"hexo","hostname":"m","pid":14290,"level":20,"msg":"Processed: \u001b[35mlayout/_partial/post/nav.ejs\u001b[39m","time":"2017-01-05T13:42:22.370Z","v":0}
{"name":"hexo","hostname":"m","pid":14290,"level":20,"msg":"Processed: \u001b[35mlayout/_partial/post/share_addthis.ejs\u001b[39m","time":"2017-01-05T13:42:22.370Z","v":0}
{"name":"hexo","hostname":"m","pid":14290,"level":20,"msg":"Processed: \u001b[35mlayout/_partial/post/share_jia.ejs\u001b[39m","time":"2017-01-05T13:42:22.370Z","v":0}
{"name":"hexo","hostname":"m","pid":14290,"level":20,"msg":"Processed: \u001b[35mlayout/_partial/post/tag.ejs\u001b[39m","time":"2017-01-05T13:42:22.371Z","v":0}
{"name":"hexo","hostname":"m","pid":14290,"level":20,"msg":"Processed: \u001b[35mlayout/_partial/post/title.ejs\u001b[39m","time":"2017-01-05T13:42:22.371Z","v":0}
{"name":"hexo","hostname":"m","pid":14290,"level":20,"msg":"Generator: \u001b[35mpage\u001b[39m","time":"2017-01-05T13:42:22.424Z","v":0}
{"name":"hexo","hostname":"m","pid":14290,"level":20,"msg":"Generator: \u001b[35mpost\u001b[39m","time":"2017-01-05T13:42:22.425Z","v":0}
{"name":"hexo","hostname":"m","pid":14290,"level":20,"msg":"Generator: \u001b[35masset\u001b[39m","time":"2017-01-05T13:42:22.426Z","v":0}
{"name":"hexo","hostname":"m","pid":14290,"level":30,"msg":"Files loaded in \u001b[36m272 ms\u001b[39m","time":"2017-01-05T13:42:22.428Z","v":0}
{"name":"hexo","hostname":"m","pid":14290,"level":30,"msg":"Generated: \u001b[35mabout/index.md\u001b[39m","time":"2017-01-05T13:42:22.503Z","v":0}
{"name":"hexo","hostname":"m","pid":14290,"level":30,"msg":"Generated: \u001b[35mfancybox/blank.gif\u001b[39m","time":"2017-01-05T13:42:22.504Z","v":0}
{"name":"hexo","hostname":"m","pid":14290,"level":30,"msg":"Generated: \u001b[35mfancybox/fancybox_loading@2x.gif\u001b[39m","time":"2017-01-05T13:42:22.504Z","v":0}
{"name":"hexo","hostname":"m","pid":14290,"level":30,"msg":"Generated: \u001b[35mfancybox/fancybox_overlay.png\u001b[39m","time":"2017-01-05T13:42:22.504Z","v":0}
{"name":"hexo","hostname":"m","pid":14290,"level":30,"msg":"Generated: \u001b[35mfancybox/fancybox_sprite.png\u001b[39m","time":"2017-01-05T13:42:22.504Z","v":0}
{"name":"hexo","hostname":"m","pid":14290,"level":30,"msg":"Generated: \u001b[35mjsStatic/index.md\u001b[39m","time":"2017-01-05T13:42:22.504Z","v":0}
{"name":"hexo","hostname":"m","pid":14290,"level":30,"msg":"Generated: \u001b[35mimg/delicious.png\u001b[39m","time":"2017-01-05T13:42:22.505Z","v":0}
{"name":"hexo","hostname":"m","pid":14290,"level":30,"msg":"Generated: \u001b[35mimg/coderwall.png\u001b[39m","time":"2017-01-05T13:42:22.505Z","v":0}
{"name":"hexo","hostname":"m","pid":14290,"level":30,"msg":"Generated: \u001b[35mfancybox/fancybox_sprite@2x.png\u001b[39m","time":"2017-01-05T13:42:22.505Z","v":0}
{"name":"hexo","hostname":"m","pid":14290,"level":30,"msg":"Generated: \u001b[35mimg/douban.png\u001b[39m","time":"2017-01-05T13:42:22.505Z","v":0}
{"name":"hexo","hostname":"m","pid":14290,"level":30,"msg":"Generated: \u001b[35mimg/facebook.png\u001b[39m","time":"2017-01-05T13:42:22.505Z","v":0}
{"name":"hexo","hostname":"m","pid":14290,"level":30,"msg":"Generated: \u001b[35mimg/face.png\u001b[39m","time":"2017-01-05T13:42:22.505Z","v":0}
{"name":"hexo","hostname":"m","pid":14290,"level":30,"msg":"Generated: \u001b[35mimg/google.png\u001b[39m","time":"2017-01-05T13:42:22.505Z","v":0}
{"name":"hexo","hostname":"m","pid":14290,"level":30,"msg":"Generated: \u001b[35mimg/img-loading.png\u001b[39m","time":"2017-01-05T13:42:22.506Z","v":0}
{"name":"hexo","hostname":"m","pid":14290,"level":30,"msg":"Generated: \u001b[35mimg/github.png\u001b[39m","time":"2017-01-05T13:42:22.506Z","v":0}
{"name":"hexo","hostname":"m","pid":14290,"level":30,"msg":"Generated: \u001b[35mimg/linkedin.png\u001b[39m","time":"2017-01-05T13:42:22.507Z","v":0}
{"name":"hexo","hostname":"m","pid":14290,"level":30,"msg":"Generated: \u001b[35mimg/pinboard.png\u001b[39m","time":"2017-01-05T13:42:22.507Z","v":0}
{"name":"hexo","hostname":"m","pid":14290,"level":30,"msg":"Generated: \u001b[35mimg/pinterest.png\u001b[39m","time":"2017-01-05T13:42:22.507Z","v":0}
{"name":"hexo","hostname":"m","pid":14290,"level":30,"msg":"Generated: \u001b[35mimg/rss.png\u001b[39m","time":"2017-01-05T13:42:22.507Z","v":0}
{"name":"hexo","hostname":"m","pid":14290,"level":30,"msg":"Generated: \u001b[35mimg/stackoverflow.png\u001b[39m","time":"2017-01-05T13:42:22.507Z","v":0}
{"name":"hexo","hostname":"m","pid":14290,"level":30,"msg":"Generated: \u001b[35mimg/scrollbar_arrow.png\u001b[39m","time":"2017-01-05T13:42:22.507Z","v":0}
{"name":"hexo","hostname":"m","pid":14290,"level":30,"msg":"Generated: \u001b[35mimg/twitter.png\u001b[39m","time":"2017-01-05T13:42:22.507Z","v":0}
{"name":"hexo","hostname":"m","pid":14290,"level":30,"msg":"Generated: \u001b[35mimg/img-err.png\u001b[39m","time":"2017-01-05T13:42:22.507Z","v":0}
{"name":"hexo","hostname":"m","pid":14290,"level":30,"msg":"Generated: \u001b[35mimg/weibo.png\u001b[39m","time":"2017-01-05T13:42:22.507Z","v":0}
{"name":"hexo","hostname":"m","pid":14290,"level":30,"msg":"Generated: \u001b[35mimg/zhihu.png\u001b[39m","time":"2017-01-05T13:42:22.508Z","v":0}
{"name":"hexo","hostname":"m","pid":14290,"level":30,"msg":"Generated: \u001b[35mfancybox/helpers/fancybox_buttons.png\u001b[39m","time":"2017-01-05T13:42:22.508Z","v":0}
{"name":"hexo","hostname":"m","pid":14290,"level":30,"msg":"Generated: \u001b[35mcss/fonts/fontawesome-webfont.ttf\u001b[39m","time":"2017-01-05T13:42:22.508Z","v":0}
{"name":"hexo","hostname":"m","pid":14290,"level":30,"msg":"Generated: \u001b[35mcss/fonts/fontawesome-webfont.woff\u001b[39m","time":"2017-01-05T13:42:22.508Z","v":0}
{"name":"hexo","hostname":"m","pid":14290,"level":30,"msg":"Generated: \u001b[35mcss/fonts/fontawesome-webfont.svgz\u001b[39m","time":"2017-01-05T13:42:22.508Z","v":0}
{"name":"hexo","hostname":"m","pid":14290,"level":30,"msg":"Generated: \u001b[35mcss/fonts/fontawesome-webfont.eot\u001b[39m","time":"2017-01-05T13:42:22.508Z","v":0}
{"name":"hexo","hostname":"m","pid":14290,"level":30,"msg":"Generated: \u001b[35mimg/mail.png\u001b[39m","time":"2017-01-05T13:42:22.509Z","v":0}
{"name":"hexo","hostname":"m","pid":14290,"level":30,"msg":"Generated: \u001b[35mfancybox/fancybox_loading.gif\u001b[39m","time":"2017-01-05T13:42:22.509Z","v":0}
{"name":"hexo","hostname":"m","pid":14290,"level":30,"msg":"Generated: \u001b[35mcss/style.styl\u001b[39m","time":"2017-01-05T13:42:22.509Z","v":0}
{"name":"hexo","hostname":"m","pid":14290,"level":30,"msg":"Generated: \u001b[35mauthor/yingche.png\u001b[39m","time":"2017-01-05T13:42:22.509Z","v":0}
{"name":"hexo","hostname":"m","pid":14290,"level":30,"msg":"Generated: \u001b[35mfancybox/jquery.fancybox.css\u001b[39m","time":"2017-01-05T13:42:22.510Z","v":0}
{"name":"hexo","hostname":"m","pid":14290,"level":30,"msg":"Generated: \u001b[35mjs/instagram.js\u001b[39m","time":"2017-01-05T13:42:22.510Z","v":0}
{"name":"hexo","hostname":"m","pid":14290,"level":30,"msg":"Generated: \u001b[35mjs/main.js\u001b[39m","time":"2017-01-05T13:42:22.510Z","v":0}
{"name":"hexo","hostname":"m","pid":14290,"level":30,"msg":"Generated: \u001b[35mjs/jquery.lazyload.js\u001b[39m","time":"2017-01-05T13:42:22.510Z","v":0}
{"name":"hexo","hostname":"m","pid":14290,"level":30,"msg":"Generated: \u001b[35mjs/pc.js\u001b[39m","time":"2017-01-05T13:42:22.511Z","v":0}
{"name":"hexo","hostname":"m","pid":14290,"level":30,"msg":"Generated: \u001b[35mjs/mobile.js\u001b[39m","time":"2017-01-05T13:42:22.511Z","v":0}
{"name":"hexo","hostname":"m","pid":14290,"level":30,"msg":"Generated: \u001b[35mfancybox/helpers/jquery.fancybox-buttons.js\u001b[39m","time":"2017-01-05T13:42:22.511Z","v":0}
{"name":"hexo","hostname":"m","pid":14290,"level":30,"msg":"Generated: \u001b[35mfancybox/helpers/jquery.fancybox-thumbs.css\u001b[39m","time":"2017-01-05T13:42:22.511Z","v":0}
{"name":"hexo","hostname":"m","pid":14290,"level":30,"msg":"Generated: \u001b[35mfancybox/helpers/jquery.fancybox-thumbs.js\u001b[39m","time":"2017-01-05T13:42:22.511Z","v":0}
{"name":"hexo","hostname":"m","pid":14290,"level":30,"msg":"Generated: \u001b[35mfancybox/helpers/jquery.fancybox-buttons.css\u001b[39m","time":"2017-01-05T13:42:22.511Z","v":0}
{"name":"hexo","hostname":"m","pid":14290,"level":30,"msg":"Generated: \u001b[35mfancybox/jquery.fancybox.pack.js\u001b[39m","time":"2017-01-05T13:42:22.511Z","v":0}
{"name":"hexo","hostname":"m","pid":14290,"level":30,"msg":"Generated: \u001b[35mfancybox/jquery.fancybox.js\u001b[39m","time":"2017-01-05T13:42:22.511Z","v":0}
{"name":"hexo","hostname":"m","pid":14290,"level":30,"msg":"Generated: \u001b[35mcss/fonts/fontawesome-webfont.svg\u001b[39m","time":"2017-01-05T13:42:22.511Z","v":0}
{"name":"hexo","hostname":"m","pid":14290,"level":30,"msg":"Generated: \u001b[35mfancybox/helpers/jquery.fancybox-media.js\u001b[39m","time":"2017-01-05T13:42:22.512Z","v":0}
{"name":"hexo","hostname":"m","pid":14290,"level":30,"msg":"48 files generated in \u001b[36m83 ms\u001b[39m","time":"2017-01-05T13:42:22.512Z","v":0}
{"name":"hexo","hostname":"m","pid":14290,"level":20,"msg":"Database saved","time":"2017-01-05T13:42:22.532Z","v":0}
{"name":"hexo","hostname":"m","pid":14299,"level":20,"msg":"Hexo version: \u001b[35m3.2.2\u001b[39m","time":"2017-01-05T13:42:38.747Z","v":0}
{"name":"hexo","hostname":"m","pid":14299,"level":20,"msg":"Working directory: \u001b[35m~/gitProjects/lyiran.github.io/\u001b[39m","time":"2017-01-05T13:42:38.750Z","v":0}
{"name":"hexo","hostname":"m","pid":14299,"level":20,"msg":"Config loaded: \u001b[35m~/gitProjects/lyiran.github.io/_config.yml\u001b[39m","time":"2017-01-05T13:42:38.844Z","v":0}
{"name":"hexo","hostname":"m","pid":14299,"level":20,"msg":"Plugin loaded: \u001b[35mhexo-server\u001b[39m","time":"2017-01-05T13:42:38.973Z","v":0}
{"name":"hexo","hostname":"m","pid":14299,"level":20,"msg":"Loading database.","time":"2017-01-05T13:42:38.983Z","v":0}
{"name":"hexo","hostname":"m","pid":14299,"level":30,"msg":"Start processing","time":"2017-01-05T13:42:39.019Z","v":0}
{"name":"hexo","hostname":"m","pid":14299,"level":20,"msg":"Processed: \u001b[35m_posts/2016-12-23-pages4-md.md\u001b[39m","time":"2017-01-05T13:42:39.130Z","v":0}
{"name":"hexo","hostname":"m","pid":14299,"level":20,"msg":"Processed: \u001b[35m_posts/hello-world.md\u001b[39m","time":"2017-01-05T13:42:39.130Z","v":0}
{"name":"hexo","hostname":"m","pid":14299,"level":20,"msg":"Processed: \u001b[35mabout/index.md\u001b[39m","time":"2017-01-05T13:42:39.132Z","v":0}
{"name":"hexo","hostname":"m","pid":14299,"level":20,"msg":"Processed: \u001b[35mjsStatic/index.md\u001b[39m","time":"2017-01-05T13:42:39.132Z","v":0}
{"name":"hexo","hostname":"m","pid":14299,"level":20,"msg":"Processed: \u001b[35mauthor/yingche.png\u001b[39m","time":"2017-01-05T13:42:39.152Z","v":0}
{"name":"hexo","hostname":"m","pid":14299,"level":20,"msg":"Theme config loaded.","time":"2017-01-05T13:42:39.195Z","v":0}
{"name":"hexo","hostname":"m","pid":14299,"level":20,"msg":"Processed: \u001b[35m_config.yml\u001b[39m","time":"2017-01-05T13:42:39.198Z","v":0}
{"name":"hexo","hostname":"m","pid":14299,"level":20,"msg":"Processed: \u001b[35msource/css/style.styl\u001b[39m","time":"2017-01-05T13:42:39.217Z","v":0}
{"name":"hexo","hostname":"m","pid":14299,"level":20,"msg":"Processed: \u001b[35msource/fancybox/blank.gif\u001b[39m","time":"2017-01-05T13:42:39.217Z","v":0}
{"name":"hexo","hostname":"m","pid":14299,"level":20,"msg":"Processed: \u001b[35msource/fancybox/fancybox_loading.gif\u001b[39m","time":"2017-01-05T13:42:39.218Z","v":0}
{"name":"hexo","hostname":"m","pid":14299,"level":20,"msg":"Processed: \u001b[35msource/fancybox/fancybox_loading@2x.gif\u001b[39m","time":"2017-01-05T13:42:39.218Z","v":0}
{"name":"hexo","hostname":"m","pid":14299,"level":20,"msg":"Processed: \u001b[35msource/fancybox/fancybox_overlay.png\u001b[39m","time":"2017-01-05T13:42:39.218Z","v":0}
{"name":"hexo","hostname":"m","pid":14299,"level":20,"msg":"Processed: \u001b[35msource/fancybox/fancybox_sprite.png\u001b[39m","time":"2017-01-05T13:42:39.218Z","v":0}
{"name":"hexo","hostname":"m","pid":14299,"level":20,"msg":"Processed: \u001b[35msource/fancybox/fancybox_sprite@2x.png\u001b[39m","time":"2017-01-05T13:42:39.219Z","v":0}
{"name":"hexo","hostname":"m","pid":14299,"level":20,"msg":"Processed: \u001b[35msource/fancybox/jquery.fancybox.css\u001b[39m","time":"2017-01-05T13:42:39.219Z","v":0}
{"name":"hexo","hostname":"m","pid":14299,"level":20,"msg":"Processed: \u001b[35msource/fancybox/jquery.fancybox.js\u001b[39m","time":"2017-01-05T13:42:39.220Z","v":0}
{"name":"hexo","hostname":"m","pid":14299,"level":20,"msg":"Processed: \u001b[35msource/fancybox/jquery.fancybox.pack.js\u001b[39m","time":"2017-01-05T13:42:39.220Z","v":0}
{"name":"hexo","hostname":"m","pid":14299,"level":20,"msg":"Processed: \u001b[35msource/img/coderwall.png\u001b[39m","time":"2017-01-05T13:42:39.220Z","v":0}
{"name":"hexo","hostname":"m","pid":14299,"level":20,"msg":"Processed: \u001b[35msource/img/delicious.png\u001b[39m","time":"2017-01-05T13:42:39.221Z","v":0}
{"name":"hexo","hostname":"m","pid":14299,"level":20,"msg":"Processed: \u001b[35msource/img/douban.png\u001b[39m","time":"2017-01-05T13:42:39.221Z","v":0}
{"name":"hexo","hostname":"m","pid":14299,"level":20,"msg":"Processed: \u001b[35msource/img/facebook.png\u001b[39m","time":"2017-01-05T13:42:39.222Z","v":0}
{"name":"hexo","hostname":"m","pid":14299,"level":20,"msg":"Processed: \u001b[35msource/img/face.png\u001b[39m","time":"2017-01-05T13:42:39.224Z","v":0}
{"name":"hexo","hostname":"m","pid":14299,"level":20,"msg":"Processed: \u001b[35msource/img/github.png\u001b[39m","time":"2017-01-05T13:42:39.224Z","v":0}
{"name":"hexo","hostname":"m","pid":14299,"level":20,"msg":"Processed: \u001b[35msource/img/google.png\u001b[39m","time":"2017-01-05T13:42:39.225Z","v":0}
{"name":"hexo","hostname":"m","pid":14299,"level":20,"msg":"Processed: \u001b[35msource/img/img-err.png\u001b[39m","time":"2017-01-05T13:42:39.225Z","v":0}
{"name":"hexo","hostname":"m","pid":14299,"level":20,"msg":"Processed: \u001b[35msource/img/img-loading.png\u001b[39m","time":"2017-01-05T13:42:39.225Z","v":0}
{"name":"hexo","hostname":"m","pid":14299,"level":20,"msg":"Processed: \u001b[35msource/img/linkedin.png\u001b[39m","time":"2017-01-05T13:42:39.225Z","v":0}
{"name":"hexo","hostname":"m","pid":14299,"level":20,"msg":"Processed: \u001b[35msource/img/mail.png\u001b[39m","time":"2017-01-05T13:42:39.226Z","v":0}
{"name":"hexo","hostname":"m","pid":14299,"level":20,"msg":"Processed: \u001b[35msource/img/pinboard.png\u001b[39m","time":"2017-01-05T13:42:39.226Z","v":0}
{"name":"hexo","hostname":"m","pid":14299,"level":20,"msg":"Processed: \u001b[35msource/img/pinterest.png\u001b[39m","time":"2017-01-05T13:42:39.227Z","v":0}
{"name":"hexo","hostname":"m","pid":14299,"level":20,"msg":"Processed: \u001b[35msource/img/rss.png\u001b[39m","time":"2017-01-05T13:42:39.228Z","v":0}
{"name":"hexo","hostname":"m","pid":14299,"level":20,"msg":"Processed: \u001b[35msource/img/scrollbar_arrow.png\u001b[39m","time":"2017-01-05T13:42:39.229Z","v":0}
{"name":"hexo","hostname":"m","pid":14299,"level":20,"msg":"Processed: \u001b[35msource/img/stackoverflow.png\u001b[39m","time":"2017-01-05T13:42:39.229Z","v":0}
{"name":"hexo","hostname":"m","pid":14299,"level":20,"msg":"Processed: \u001b[35msource/img/twitter.png\u001b[39m","time":"2017-01-05T13:42:39.230Z","v":0}
{"name":"hexo","hostname":"m","pid":14299,"level":20,"msg":"Processed: \u001b[35msource/img/weibo.png\u001b[39m","time":"2017-01-05T13:42:39.230Z","v":0}
{"name":"hexo","hostname":"m","pid":14299,"level":20,"msg":"Processed: \u001b[35msource/img/zhihu.png\u001b[39m","time":"2017-01-05T13:42:39.230Z","v":0}
{"name":"hexo","hostname":"m","pid":14299,"level":20,"msg":"Processed: \u001b[35msource/js/instagram.js\u001b[39m","time":"2017-01-05T13:42:39.231Z","v":0}
{"name":"hexo","hostname":"m","pid":14299,"level":20,"msg":"Processed: \u001b[35msource/js/jquery.lazyload.js\u001b[39m","time":"2017-01-05T13:42:39.231Z","v":0}
{"name":"hexo","hostname":"m","pid":14299,"level":20,"msg":"Processed: \u001b[35msource/js/main.js\u001b[39m","time":"2017-01-05T13:42:39.231Z","v":0}
{"name":"hexo","hostname":"m","pid":14299,"level":20,"msg":"Processed: \u001b[35msource/js/mobile.js\u001b[39m","time":"2017-01-05T13:42:39.233Z","v":0}
{"name":"hexo","hostname":"m","pid":14299,"level":20,"msg":"Processed: \u001b[35msource/js/pc.js\u001b[39m","time":"2017-01-05T13:42:39.233Z","v":0}
{"name":"hexo","hostname":"m","pid":14299,"level":20,"msg":"Processed: \u001b[35mlayout/category.ejs\u001b[39m","time":"2017-01-05T13:42:39.249Z","v":0}
{"name":"hexo","hostname":"m","pid":14299,"level":20,"msg":"Processed: \u001b[35mlayout/archive.ejs\u001b[39m","time":"2017-01-05T13:42:39.250Z","v":0}
{"name":"hexo","hostname":"m","pid":14299,"level":20,"msg":"Processed: \u001b[35mlayout/index.ejs\u001b[39m","time":"2017-01-05T13:42:39.250Z","v":0}
{"name":"hexo","hostname":"m","pid":14299,"level":20,"msg":"Processed: \u001b[35mlayout/layout.ejs\u001b[39m","time":"2017-01-05T13:42:39.250Z","v":0}
{"name":"hexo","hostname":"m","pid":14299,"level":20,"msg":"Processed: \u001b[35mlayout/page.ejs\u001b[39m","time":"2017-01-05T13:42:39.250Z","v":0}
{"name":"hexo","hostname":"m","pid":14299,"level":20,"msg":"Processed: \u001b[35mlayout/post.ejs\u001b[39m","time":"2017-01-05T13:42:39.250Z","v":0}
{"name":"hexo","hostname":"m","pid":14299,"level":20,"msg":"Processed: \u001b[35mlayout/tag.ejs\u001b[39m","time":"2017-01-05T13:42:39.250Z","v":0}
{"name":"hexo","hostname":"m","pid":14299,"level":20,"msg":"Processed: \u001b[35mlanguages/de.yml\u001b[39m","time":"2017-01-05T13:42:39.252Z","v":0}
{"name":"hexo","hostname":"m","pid":14299,"level":20,"msg":"Processed: \u001b[35mlanguages/default.yml\u001b[39m","time":"2017-01-05T13:42:39.252Z","v":0}
{"name":"hexo","hostname":"m","pid":14299,"level":20,"msg":"Processed: \u001b[35mlanguages/en.yml\u001b[39m","time":"2017-01-05T13:42:39.252Z","v":0}
{"name":"hexo","hostname":"m","pid":14299,"level":20,"msg":"Processed: \u001b[35mlanguages/fr-FR.yml\u001b[39m","time":"2017-01-05T13:42:39.252Z","v":0}
{"name":"hexo","hostname":"m","pid":14299,"level":20,"msg":"Processed: \u001b[35mlanguages/zh-Hans.yml\u001b[39m","time":"2017-01-05T13:42:39.252Z","v":0}
{"name":"hexo","hostname":"m","pid":14299,"level":20,"msg":"Processed: \u001b[35mlanguages/zh-tw.yml\u001b[39m","time":"2017-01-05T13:42:39.252Z","v":0}
{"name":"hexo","hostname":"m","pid":14299,"level":20,"msg":"Processed: \u001b[35mlanguages/ru.yml\u001b[39m","time":"2017-01-05T13:42:39.252Z","v":0}
{"name":"hexo","hostname":"m","pid":14299,"level":20,"msg":"Processed: \u001b[35mlanguages/zh-hk.yml\u001b[39m","time":"2017-01-05T13:42:39.253Z","v":0}
{"name":"hexo","hostname":"m","pid":14299,"level":20,"msg":"Processed: \u001b[35msource/css/fonts/fontawesome-webfont.svgz\u001b[39m","time":"2017-01-05T13:42:39.260Z","v":0}
{"name":"hexo","hostname":"m","pid":14299,"level":20,"msg":"Processed: \u001b[35msource/css/fonts/fontawesome-webfont.ttf\u001b[39m","time":"2017-01-05T13:42:39.261Z","v":0}
{"name":"hexo","hostname":"m","pid":14299,"level":20,"msg":"Processed: \u001b[35msource/css/fonts/fontawesome-webfont.woff\u001b[39m","time":"2017-01-05T13:42:39.262Z","v":0}
{"name":"hexo","hostname":"m","pid":14299,"level":20,"msg":"Processed: \u001b[35msource/css/fonts/fontawesome-webfont.eot\u001b[39m","time":"2017-01-05T13:42:39.262Z","v":0}
{"name":"hexo","hostname":"m","pid":14299,"level":20,"msg":"Processed: \u001b[35msource/fancybox/helpers/fancybox_buttons.png\u001b[39m","time":"2017-01-05T13:42:39.262Z","v":0}
{"name":"hexo","hostname":"m","pid":14299,"level":20,"msg":"Processed: \u001b[35msource/fancybox/helpers/jquery.fancybox-buttons.css\u001b[39m","time":"2017-01-05T13:42:39.262Z","v":0}
{"name":"hexo","hostname":"m","pid":14299,"level":20,"msg":"Processed: \u001b[35msource/fancybox/helpers/jquery.fancybox-buttons.js\u001b[39m","time":"2017-01-05T13:42:39.263Z","v":0}
{"name":"hexo","hostname":"m","pid":14299,"level":20,"msg":"Processed: \u001b[35msource/fancybox/helpers/jquery.fancybox-media.js\u001b[39m","time":"2017-01-05T13:42:39.263Z","v":0}
{"name":"hexo","hostname":"m","pid":14299,"level":20,"msg":"Processed: \u001b[35msource/fancybox/helpers/jquery.fancybox-thumbs.css\u001b[39m","time":"2017-01-05T13:42:39.263Z","v":0}
{"name":"hexo","hostname":"m","pid":14299,"level":20,"msg":"Processed: \u001b[35msource/fancybox/helpers/jquery.fancybox-thumbs.js\u001b[39m","time":"2017-01-05T13:42:39.263Z","v":0}
{"name":"hexo","hostname":"m","pid":14299,"level":20,"msg":"Processed: \u001b[35mlayout/_partial/after-footer.ejs\u001b[39m","time":"2017-01-05T13:42:39.268Z","v":0}
{"name":"hexo","hostname":"m","pid":14299,"level":20,"msg":"Processed: \u001b[35mlayout/_partial/archive-post.ejs\u001b[39m","time":"2017-01-05T13:42:39.268Z","v":0}
{"name":"hexo","hostname":"m","pid":14299,"level":20,"msg":"Processed: \u001b[35mlayout/_partial/archive.ejs\u001b[39m","time":"2017-01-05T13:42:39.268Z","v":0}
{"name":"hexo","hostname":"m","pid":14299,"level":20,"msg":"Processed: \u001b[35mlayout/_partial/article.ejs\u001b[39m","time":"2017-01-05T13:42:39.268Z","v":0}
{"name":"hexo","hostname":"m","pid":14299,"level":20,"msg":"Processed: \u001b[35mlayout/_partial/footer.ejs\u001b[39m","time":"2017-01-05T13:42:39.268Z","v":0}
{"name":"hexo","hostname":"m","pid":14299,"level":20,"msg":"Processed: \u001b[35mlayout/_partial/google-analytics.ejs\u001b[39m","time":"2017-01-05T13:42:39.268Z","v":0}
{"name":"hexo","hostname":"m","pid":14299,"level":20,"msg":"Processed: \u001b[35mlayout/_partial/head.ejs\u001b[39m","time":"2017-01-05T13:42:39.268Z","v":0}
{"name":"hexo","hostname":"m","pid":14299,"level":20,"msg":"Processed: \u001b[35mlayout/_partial/header.ejs\u001b[39m","time":"2017-01-05T13:42:39.268Z","v":0}
{"name":"hexo","hostname":"m","pid":14299,"level":20,"msg":"Processed: \u001b[35mlayout/_partial/left-col.ejs\u001b[39m","time":"2017-01-05T13:42:39.268Z","v":0}
{"name":"hexo","hostname":"m","pid":14299,"level":20,"msg":"Processed: \u001b[35mlayout/_partial/mathjax.ejs\u001b[39m","time":"2017-01-05T13:42:39.269Z","v":0}
{"name":"hexo","hostname":"m","pid":14299,"level":20,"msg":"Processed: \u001b[35mlayout/_partial/mobile-nav.ejs\u001b[39m","time":"2017-01-05T13:42:39.269Z","v":0}
{"name":"hexo","hostname":"m","pid":14299,"level":20,"msg":"Processed: \u001b[35msource/css/fonts/fontawesome-webfont.svg\u001b[39m","time":"2017-01-05T13:42:39.269Z","v":0}
{"name":"hexo","hostname":"m","pid":14299,"level":20,"msg":"Processed: \u001b[35mlayout/_partial/post/category.ejs\u001b[39m","time":"2017-01-05T13:42:39.276Z","v":0}
{"name":"hexo","hostname":"m","pid":14299,"level":20,"msg":"Processed: \u001b[35mlayout/_partial/post/date.ejs\u001b[39m","time":"2017-01-05T13:42:39.276Z","v":0}
{"name":"hexo","hostname":"m","pid":14299,"level":20,"msg":"Processed: \u001b[35mlayout/_partial/post/duoshuo.ejs\u001b[39m","time":"2017-01-05T13:42:39.276Z","v":0}
{"name":"hexo","hostname":"m","pid":14299,"level":20,"msg":"Processed: \u001b[35mlayout/_partial/post/nav.ejs\u001b[39m","time":"2017-01-05T13:42:39.276Z","v":0}
{"name":"hexo","hostname":"m","pid":14299,"level":20,"msg":"Processed: \u001b[35mlayout/_partial/post/share_addthis.ejs\u001b[39m","time":"2017-01-05T13:42:39.277Z","v":0}
{"name":"hexo","hostname":"m","pid":14299,"level":20,"msg":"Processed: \u001b[35mlayout/_partial/post/share_jia.ejs\u001b[39m","time":"2017-01-05T13:42:39.277Z","v":0}
{"name":"hexo","hostname":"m","pid":14299,"level":20,"msg":"Processed: \u001b[35mlayout/_partial/post/tag.ejs\u001b[39m","time":"2017-01-05T13:42:39.277Z","v":0}
{"name":"hexo","hostname":"m","pid":14299,"level":20,"msg":"Processed: \u001b[35mlayout/_partial/post/title.ejs\u001b[39m","time":"2017-01-05T13:42:39.278Z","v":0}
{"name":"hexo","hostname":"m","pid":14299,"level":20,"msg":"Generator: \u001b[35mpage\u001b[39m","time":"2017-01-05T13:42:39.354Z","v":0}
{"name":"hexo","hostname":"m","pid":14299,"level":20,"msg":"Generator: \u001b[35mpost\u001b[39m","time":"2017-01-05T13:42:39.354Z","v":0}
{"name":"hexo","hostname":"m","pid":14299,"level":20,"msg":"Generator: \u001b[35masset\u001b[39m","time":"2017-01-05T13:42:39.355Z","v":0}
{"name":"hexo","hostname":"m","pid":14299,"level":30,"msg":"Hexo is running at \u001b[4mhttp://localhost:4000/\u001b[24m. Press Ctrl+C to stop.","time":"2017-01-05T13:42:39.358Z","v":0}
{"name":"hexo","hostname":"m","pid":14299,"level":20,"msg":"Database saved","time":"2017-01-05T13:42:39.371Z","v":0}
{"name":"hexo","hostname":"m","pid":14299,"level":30,"msg":"See you again","time":"2017-01-05T13:42:59.493Z","v":0}
{"name":"hexo","hostname":"m","pid":14299,"level":20,"msg":"Database saved","time":"2017-01-05T13:42:59.512Z","v":0}
{"name":"hexo","hostname":"m","pid":14349,"level":20,"msg":"Hexo version: \u001b[35m3.2.2\u001b[39m","time":"2017-01-05T13:44:05.890Z","v":0}
{"name":"hexo","hostname":"m","pid":14349,"level":20,"msg":"Working directory: \u001b[35m~/gitProjects/lyiran.github.io/\u001b[39m","time":"2017-01-05T13:44:05.893Z","v":0}
{"name":"hexo","hostname":"m","pid":14349,"level":20,"msg":"Config loaded: \u001b[35m~/gitProjects/lyiran.github.io/_config.yml\u001b[39m","time":"2017-01-05T13:44:05.988Z","v":0}
{"name":"hexo","hostname":"m","pid":14349,"level":20,"msg":"Plugin loaded: \u001b[35mhexo-server\u001b[39m","time":"2017-01-05T13:44:06.113Z","v":0}
{"name":"hexo","hostname":"m","pid":14349,"level":20,"msg":"Loading database.","time":"2017-01-05T13:44:06.123Z","v":0}
{"name":"hexo","hostname":"m","pid":14349,"level":30,"msg":"Start processing","time":"2017-01-05T13:44:06.155Z","v":0}
{"name":"hexo","hostname":"m","pid":14349,"level":20,"msg":"Processed: \u001b[35m_posts/2016-12-23-pages4-md.md\u001b[39m","time":"2017-01-05T13:44:06.243Z","v":0}
{"name":"hexo","hostname":"m","pid":14349,"level":20,"msg":"Processed: \u001b[35m_posts/hello-world.md\u001b[39m","time":"2017-01-05T13:44:06.243Z","v":0}
{"name":"hexo","hostname":"m","pid":14349,"level":20,"msg":"Processed: \u001b[35mabout/index.md\u001b[39m","time":"2017-01-05T13:44:06.244Z","v":0}
{"name":"hexo","hostname":"m","pid":14349,"level":20,"msg":"Processed: \u001b[35mjsStatic/index.md\u001b[39m","time":"2017-01-05T13:44:06.245Z","v":0}
{"name":"hexo","hostname":"m","pid":14349,"level":20,"msg":"Processed: \u001b[35mauthor/yingche.png\u001b[39m","time":"2017-01-05T13:44:06.268Z","v":0}
{"name":"hexo","hostname":"m","pid":14349,"level":20,"msg":"Theme config loaded.","time":"2017-01-05T13:44:06.319Z","v":0}
{"name":"hexo","hostname":"m","pid":14349,"level":20,"msg":"Processed: \u001b[35m_config.yml\u001b[39m","time":"2017-01-05T13:44:06.321Z","v":0}
{"name":"hexo","hostname":"m","pid":14349,"level":20,"msg":"Processed: \u001b[35msource/css/style.styl\u001b[39m","time":"2017-01-05T13:44:06.322Z","v":0}
{"name":"hexo","hostname":"m","pid":14349,"level":20,"msg":"Processed: \u001b[35msource/fancybox/blank.gif\u001b[39m","time":"2017-01-05T13:44:06.324Z","v":0}
{"name":"hexo","hostname":"m","pid":14349,"level":20,"msg":"Processed: \u001b[35msource/fancybox/fancybox_loading.gif\u001b[39m","time":"2017-01-05T13:44:06.327Z","v":0}
{"name":"hexo","hostname":"m","pid":14349,"level":20,"msg":"Processed: \u001b[35msource/fancybox/fancybox_loading@2x.gif\u001b[39m","time":"2017-01-05T13:44:06.327Z","v":0}
{"name":"hexo","hostname":"m","pid":14349,"level":20,"msg":"Processed: \u001b[35msource/fancybox/fancybox_overlay.png\u001b[39m","time":"2017-01-05T13:44:06.328Z","v":0}
{"name":"hexo","hostname":"m","pid":14349,"level":20,"msg":"Processed: \u001b[35msource/fancybox/fancybox_sprite.png\u001b[39m","time":"2017-01-05T13:44:06.328Z","v":0}
{"name":"hexo","hostname":"m","pid":14349,"level":20,"msg":"Processed: \u001b[35msource/fancybox/fancybox_sprite@2x.png\u001b[39m","time":"2017-01-05T13:44:06.328Z","v":0}
{"name":"hexo","hostname":"m","pid":14349,"level":20,"msg":"Processed: \u001b[35msource/fancybox/jquery.fancybox.css\u001b[39m","time":"2017-01-05T13:44:06.330Z","v":0}
{"name":"hexo","hostname":"m","pid":14349,"level":20,"msg":"Processed: \u001b[35msource/fancybox/jquery.fancybox.pack.js\u001b[39m","time":"2017-01-05T13:44:06.331Z","v":0}
{"name":"hexo","hostname":"m","pid":14349,"level":20,"msg":"Processed: \u001b[35msource/img/coderwall.png\u001b[39m","time":"2017-01-05T13:44:06.332Z","v":0}
{"name":"hexo","hostname":"m","pid":14349,"level":20,"msg":"Processed: \u001b[35msource/img/delicious.png\u001b[39m","time":"2017-01-05T13:44:06.332Z","v":0}
{"name":"hexo","hostname":"m","pid":14349,"level":20,"msg":"Processed: \u001b[35msource/img/douban.png\u001b[39m","time":"2017-01-05T13:44:06.333Z","v":0}
{"name":"hexo","hostname":"m","pid":14349,"level":20,"msg":"Processed: \u001b[35msource/fancybox/jquery.fancybox.js\u001b[39m","time":"2017-01-05T13:44:06.333Z","v":0}
{"name":"hexo","hostname":"m","pid":14349,"level":20,"msg":"Processed: \u001b[35msource/img/facebook.png\u001b[39m","time":"2017-01-05T13:44:06.334Z","v":0}
{"name":"hexo","hostname":"m","pid":14349,"level":20,"msg":"Processed: \u001b[35msource/img/github.png\u001b[39m","time":"2017-01-05T13:44:06.335Z","v":0}
{"name":"hexo","hostname":"m","pid":14349,"level":20,"msg":"Processed: \u001b[35msource/img/google.png\u001b[39m","time":"2017-01-05T13:44:06.335Z","v":0}
{"name":"hexo","hostname":"m","pid":14349,"level":20,"msg":"Processed: \u001b[35msource/img/img-err.png\u001b[39m","time":"2017-01-05T13:44:06.336Z","v":0}
{"name":"hexo","hostname":"m","pid":14349,"level":20,"msg":"Processed: \u001b[35msource/img/img-loading.png\u001b[39m","time":"2017-01-05T13:44:06.336Z","v":0}
{"name":"hexo","hostname":"m","pid":14349,"level":20,"msg":"Processed: \u001b[35msource/img/face.png\u001b[39m","time":"2017-01-05T13:44:06.337Z","v":0}
{"name":"hexo","hostname":"m","pid":14349,"level":20,"msg":"Processed: \u001b[35msource/img/mail.png\u001b[39m","time":"2017-01-05T13:44:06.337Z","v":0}
{"name":"hexo","hostname":"m","pid":14349,"level":20,"msg":"Processed: \u001b[35msource/img/pinboard.png\u001b[39m","time":"2017-01-05T13:44:06.337Z","v":0}
{"name":"hexo","hostname":"m","pid":14349,"level":20,"msg":"Processed: \u001b[35msource/img/pinterest.png\u001b[39m","time":"2017-01-05T13:44:06.338Z","v":0}
{"name":"hexo","hostname":"m","pid":14349,"level":20,"msg":"Processed: \u001b[35msource/img/rss.png\u001b[39m","time":"2017-01-05T13:44:06.338Z","v":0}
{"name":"hexo","hostname":"m","pid":14349,"level":20,"msg":"Processed: \u001b[35msource/img/scrollbar_arrow.png\u001b[39m","time":"2017-01-05T13:44:06.338Z","v":0}
{"name":"hexo","hostname":"m","pid":14349,"level":20,"msg":"Processed: \u001b[35msource/img/stackoverflow.png\u001b[39m","time":"2017-01-05T13:44:06.338Z","v":0}
{"name":"hexo","hostname":"m","pid":14349,"level":20,"msg":"Processed: \u001b[35msource/img/twitter.png\u001b[39m","time":"2017-01-05T13:44:06.339Z","v":0}
{"name":"hexo","hostname":"m","pid":14349,"level":20,"msg":"Processed: \u001b[35msource/img/weibo.png\u001b[39m","time":"2017-01-05T13:44:06.339Z","v":0}
{"name":"hexo","hostname":"m","pid":14349,"level":20,"msg":"Processed: \u001b[35msource/img/zhihu.png\u001b[39m","time":"2017-01-05T13:44:06.339Z","v":0}
{"name":"hexo","hostname":"m","pid":14349,"level":20,"msg":"Processed: \u001b[35msource/js/instagram.js\u001b[39m","time":"2017-01-05T13:44:06.340Z","v":0}
{"name":"hexo","hostname":"m","pid":14349,"level":20,"msg":"Processed: \u001b[35msource/js/jquery.lazyload.js\u001b[39m","time":"2017-01-05T13:44:06.340Z","v":0}
{"name":"hexo","hostname":"m","pid":14349,"level":20,"msg":"Processed: \u001b[35msource/js/main.js\u001b[39m","time":"2017-01-05T13:44:06.341Z","v":0}
{"name":"hexo","hostname":"m","pid":14349,"level":20,"msg":"Processed: \u001b[35msource/js/mobile.js\u001b[39m","time":"2017-01-05T13:44:06.341Z","v":0}
{"name":"hexo","hostname":"m","pid":14349,"level":20,"msg":"Processed: \u001b[35msource/js/pc.js\u001b[39m","time":"2017-01-05T13:44:06.342Z","v":0}
{"name":"hexo","hostname":"m","pid":14349,"level":20,"msg":"Processed: \u001b[35msource/img/linkedin.png\u001b[39m","time":"2017-01-05T13:44:06.342Z","v":0}
{"name":"hexo","hostname":"m","pid":14349,"level":20,"msg":"Processed: \u001b[35mlayout/archive.ejs\u001b[39m","time":"2017-01-05T13:44:06.359Z","v":0}
{"name":"hexo","hostname":"m","pid":14349,"level":20,"msg":"Processed: \u001b[35mlayout/category.ejs\u001b[39m","time":"2017-01-05T13:44:06.360Z","v":0}
{"name":"hexo","hostname":"m","pid":14349,"level":20,"msg":"Processed: \u001b[35mlayout/index.ejs\u001b[39m","time":"2017-01-05T13:44:06.360Z","v":0}
{"name":"hexo","hostname":"m","pid":14349,"level":20,"msg":"Processed: \u001b[35mlayout/layout.ejs\u001b[39m","time":"2017-01-05T13:44:06.360Z","v":0}
{"name":"hexo","hostname":"m","pid":14349,"level":20,"msg":"Processed: \u001b[35mlayout/page.ejs\u001b[39m","time":"2017-01-05T13:44:06.360Z","v":0}
{"name":"hexo","hostname":"m","pid":14349,"level":20,"msg":"Processed: \u001b[35mlayout/post.ejs\u001b[39m","time":"2017-01-05T13:44:06.360Z","v":0}
{"name":"hexo","hostname":"m","pid":14349,"level":20,"msg":"Processed: \u001b[35mlayout/tag.ejs\u001b[39m","time":"2017-01-05T13:44:06.361Z","v":0}
{"name":"hexo","hostname":"m","pid":14349,"level":20,"msg":"Processed: \u001b[35mlanguages/de.yml\u001b[39m","time":"2017-01-05T13:44:06.375Z","v":0}
{"name":"hexo","hostname":"m","pid":14349,"level":20,"msg":"Processed: \u001b[35mlanguages/default.yml\u001b[39m","time":"2017-01-05T13:44:06.375Z","v":0}
{"name":"hexo","hostname":"m","pid":14349,"level":20,"msg":"Processed: \u001b[35mlanguages/en.yml\u001b[39m","time":"2017-01-05T13:44:06.375Z","v":0}
{"name":"hexo","hostname":"m","pid":14349,"level":20,"msg":"Processed: \u001b[35mlanguages/fr-FR.yml\u001b[39m","time":"2017-01-05T13:44:06.375Z","v":0}
{"name":"hexo","hostname":"m","pid":14349,"level":20,"msg":"Processed: \u001b[35mlanguages/ru.yml\u001b[39m","time":"2017-01-05T13:44:06.376Z","v":0}
{"name":"hexo","hostname":"m","pid":14349,"level":20,"msg":"Processed: \u001b[35mlanguages/zh-Hans.yml\u001b[39m","time":"2017-01-05T13:44:06.376Z","v":0}
{"name":"hexo","hostname":"m","pid":14349,"level":20,"msg":"Processed: \u001b[35mlanguages/zh-hk.yml\u001b[39m","time":"2017-01-05T13:44:06.376Z","v":0}
{"name":"hexo","hostname":"m","pid":14349,"level":20,"msg":"Processed: \u001b[35mlanguages/zh-tw.yml\u001b[39m","time":"2017-01-05T13:44:06.376Z","v":0}
{"name":"hexo","hostname":"m","pid":14349,"level":20,"msg":"Processed: \u001b[35msource/css/fonts/fontawesome-webfont.eot\u001b[39m","time":"2017-01-05T13:44:06.376Z","v":0}
{"name":"hexo","hostname":"m","pid":14349,"level":20,"msg":"Processed: \u001b[35msource/css/fonts/fontawesome-webfont.svgz\u001b[39m","time":"2017-01-05T13:44:06.377Z","v":0}
{"name":"hexo","hostname":"m","pid":14349,"level":20,"msg":"Processed: \u001b[35msource/css/fonts/fontawesome-webfont.woff\u001b[39m","time":"2017-01-05T13:44:06.378Z","v":0}
{"name":"hexo","hostname":"m","pid":14349,"level":20,"msg":"Processed: \u001b[35msource/css/fonts/fontawesome-webfont.ttf\u001b[39m","time":"2017-01-05T13:44:06.379Z","v":0}
{"name":"hexo","hostname":"m","pid":14349,"level":20,"msg":"Processed: \u001b[35msource/fancybox/helpers/fancybox_buttons.png\u001b[39m","time":"2017-01-05T13:44:06.379Z","v":0}
{"name":"hexo","hostname":"m","pid":14349,"level":20,"msg":"Processed: \u001b[35msource/fancybox/helpers/jquery.fancybox-buttons.css\u001b[39m","time":"2017-01-05T13:44:06.380Z","v":0}
{"name":"hexo","hostname":"m","pid":14349,"level":20,"msg":"Processed: \u001b[35msource/fancybox/helpers/jquery.fancybox-buttons.js\u001b[39m","time":"2017-01-05T13:44:06.380Z","v":0}
{"name":"hexo","hostname":"m","pid":14349,"level":20,"msg":"Processed: \u001b[35msource/fancybox/helpers/jquery.fancybox-media.js\u001b[39m","time":"2017-01-05T13:44:06.380Z","v":0}
{"name":"hexo","hostname":"m","pid":14349,"level":20,"msg":"Processed: \u001b[35msource/fancybox/helpers/jquery.fancybox-thumbs.css\u001b[39m","time":"2017-01-05T13:44:06.380Z","v":0}
{"name":"hexo","hostname":"m","pid":14349,"level":20,"msg":"Processed: \u001b[35msource/fancybox/helpers/jquery.fancybox-thumbs.js\u001b[39m","time":"2017-01-05T13:44:06.380Z","v":0}
{"name":"hexo","hostname":"m","pid":14349,"level":20,"msg":"Processed: \u001b[35msource/css/fonts/fontawesome-webfont.svg\u001b[39m","time":"2017-01-05T13:44:06.384Z","v":0}
{"name":"hexo","hostname":"m","pid":14349,"level":20,"msg":"Processed: \u001b[35mlayout/_partial/after-footer.ejs\u001b[39m","time":"2017-01-05T13:44:06.387Z","v":0}
{"name":"hexo","hostname":"m","pid":14349,"level":20,"msg":"Processed: \u001b[35mlayout/_partial/archive-post.ejs\u001b[39m","time":"2017-01-05T13:44:06.387Z","v":0}
{"name":"hexo","hostname":"m","pid":14349,"level":20,"msg":"Processed: \u001b[35mlayout/_partial/archive.ejs\u001b[39m","time":"2017-01-05T13:44:06.387Z","v":0}
{"name":"hexo","hostname":"m","pid":14349,"level":20,"msg":"Processed: \u001b[35mlayout/_partial/article.ejs\u001b[39m","time":"2017-01-05T13:44:06.387Z","v":0}
{"name":"hexo","hostname":"m","pid":14349,"level":20,"msg":"Processed: \u001b[35mlayout/_partial/footer.ejs\u001b[39m","time":"2017-01-05T13:44:06.387Z","v":0}
{"name":"hexo","hostname":"m","pid":14349,"level":20,"msg":"Processed: \u001b[35mlayout/_partial/google-analytics.ejs\u001b[39m","time":"2017-01-05T13:44:06.387Z","v":0}
{"name":"hexo","hostname":"m","pid":14349,"level":20,"msg":"Processed: \u001b[35mlayout/_partial/head.ejs\u001b[39m","time":"2017-01-05T13:44:06.387Z","v":0}
{"name":"hexo","hostname":"m","pid":14349,"level":20,"msg":"Processed: \u001b[35mlayout/_partial/header.ejs\u001b[39m","time":"2017-01-05T13:44:06.387Z","v":0}
{"name":"hexo","hostname":"m","pid":14349,"level":20,"msg":"Processed: \u001b[35mlayout/_partial/left-col.ejs\u001b[39m","time":"2017-01-05T13:44:06.388Z","v":0}
{"name":"hexo","hostname":"m","pid":14349,"level":20,"msg":"Processed: \u001b[35mlayout/_partial/mathjax.ejs\u001b[39m","time":"2017-01-05T13:44:06.389Z","v":0}
{"name":"hexo","hostname":"m","pid":14349,"level":20,"msg":"Processed: \u001b[35mlayout/_partial/mobile-nav.ejs\u001b[39m","time":"2017-01-05T13:44:06.389Z","v":0}
{"name":"hexo","hostname":"m","pid":14349,"level":20,"msg":"Processed: \u001b[35mlayout/_partial/post/category.ejs\u001b[39m","time":"2017-01-05T13:44:06.390Z","v":0}
{"name":"hexo","hostname":"m","pid":14349,"level":20,"msg":"Processed: \u001b[35mlayout/_partial/post/date.ejs\u001b[39m","time":"2017-01-05T13:44:06.390Z","v":0}
{"name":"hexo","hostname":"m","pid":14349,"level":20,"msg":"Processed: \u001b[35mlayout/_partial/post/duoshuo.ejs\u001b[39m","time":"2017-01-05T13:44:06.390Z","v":0}
{"name":"hexo","hostname":"m","pid":14349,"level":20,"msg":"Processed: \u001b[35mlayout/_partial/post/nav.ejs\u001b[39m","time":"2017-01-05T13:44:06.391Z","v":0}
{"name":"hexo","hostname":"m","pid":14349,"level":20,"msg":"Processed: \u001b[35mlayout/_partial/post/share_addthis.ejs\u001b[39m","time":"2017-01-05T13:44:06.391Z","v":0}
{"name":"hexo","hostname":"m","pid":14349,"level":20,"msg":"Processed: \u001b[35mlayout/_partial/post/share_jia.ejs\u001b[39m","time":"2017-01-05T13:44:06.391Z","v":0}
{"name":"hexo","hostname":"m","pid":14349,"level":20,"msg":"Processed: \u001b[35mlayout/_partial/post/tag.ejs\u001b[39m","time":"2017-01-05T13:44:06.391Z","v":0}
{"name":"hexo","hostname":"m","pid":14349,"level":20,"msg":"Processed: \u001b[35mlayout/_partial/post/title.ejs\u001b[39m","time":"2017-01-05T13:44:06.391Z","v":0}
{"name":"hexo","hostname":"m","pid":14349,"level":20,"msg":"Generator: \u001b[35mpage\u001b[39m","time":"2017-01-05T13:44:06.461Z","v":0}
{"name":"hexo","hostname":"m","pid":14349,"level":20,"msg":"Generator: \u001b[35mpost\u001b[39m","time":"2017-01-05T13:44:06.461Z","v":0}
{"name":"hexo","hostname":"m","pid":14349,"level":20,"msg":"Generator: \u001b[35masset\u001b[39m","time":"2017-01-05T13:44:06.461Z","v":0}
{"name":"hexo","hostname":"m","pid":14349,"level":30,"msg":"Hexo is running at \u001b[4mhttp://localhost:4000/\u001b[24m. Press Ctrl+C to stop.","time":"2017-01-05T13:44:06.464Z","v":0}
{"name":"hexo","hostname":"m","pid":14349,"level":20,"msg":"Database saved","time":"2017-01-05T13:44:06.478Z","v":0}
{"name":"hexo","hostname":"m","pid":14349,"level":30,"msg":"See you again","time":"2017-01-05T13:44:30.826Z","v":0}
{"name":"hexo","hostname":"m","pid":14349,"level":20,"msg":"Database saved","time":"2017-01-05T13:44:30.836Z","v":0}
